  main.cpp
c:\users\magic-naoyan\desktop\api\wavetime\wavetime\wave_timer\timer\main.cpp(126): warning C4244: '初期化中': 'double' から 'int' への変換です。データが失われる可能性があります。
c:\users\magic-naoyan\desktop\api\wavetime\wavetime\wave_timer\timer\main.cpp(127): warning C4244: '初期化中': 'double' から 'int' への変換です。データが失われる可能性があります。
c:\users\magic-naoyan\desktop\api\wavetime\wavetime\wave_timer\timer\main.cpp(164): warning C4244: '=': 'double' から 'int' への変換です。データが失われる可能性があります。
c:\users\magic-naoyan\desktop\api\wavetime\wavetime\wave_timer\timer\main.cpp(165): warning C4244: '=': 'double' から 'int' への変換です。データが失われる可能性があります。
c:\users\magic-naoyan\desktop\api\wavetime\wavetime\wave_timer\timer\main.cpp(168): warning C4244: '引数': 'double' から 'int' への変換です。データが失われる可能性があります。
c:\users\magic-naoyan\desktop\api\wavetime\wavetime\wave_timer\timer\main.cpp(169): warning C4244: '引数': 'double' から 'int' への変換です。データが失われる可能性があります。
c:\users\magic-naoyan\desktop\api\wavetime\wavetime\wave_timer\timer\main.cpp(173): warning C4244: '=': 'double' から 'int' への変換です。データが失われる可能性があります。
c:\users\magic-naoyan\desktop\api\wavetime\wavetime\wave_timer\timer\main.cpp(174): warning C4244: '=': 'double' から 'int' への変換です。データが失われる可能性があります。
c:\users\magic-naoyan\desktop\api\wavetime\wavetime\wave_timer\timer\main.cpp(188): warning C4244: '=': 'double' から 'int' への変換です。データが失われる可能性があります。
c:\users\magic-naoyan\desktop\api\wavetime\wavetime\wave_timer\timer\main.cpp(189): warning C4244: '=': 'double' から 'int' への変換です。データが失われる可能性があります。
c:\users\magic-naoyan\desktop\api\wavetime\wavetime\wave_timer\timer\main.cpp(138): warning C4996: 'fopen': This function or variable may be unsafe. Consider using fopen_s instead. To disable deprecation, use _CRT_SECURE_NO_WARNINGS. See online help for details.
  c:\program files (x86)\windows kits\10\include\10.0.10240.0\ucrt\stdio.h(205): note: 'fopen' の宣言を確認してください
c:\users\magic-naoyan\desktop\api\wavetime\wavetime\wave_timer\timer\main.cpp(154): warning C4996: 'fscanf': This function or variable may be unsafe. Consider using fscanf_s instead. To disable deprecation, use _CRT_SECURE_NO_WARNINGS. See online help for details.
  c:\program files (x86)\windows kits\10\include\10.0.10240.0\ucrt\stdio.h(1193): note: 'fscanf' の宣言を確認してください
c:\users\magic-naoyan\desktop\api\wavetime\wavetime\wave_timer\timer\main.cpp(124): warning C4101: 'time1': ローカル変数は 1 度も使われていません。
c:\users\magic-naoyan\desktop\api\wavetime\wavetime\wave_timer\timer\main.cpp(124): warning C4101: 'time2': ローカル変数は 1 度も使われていません。
c:\users\magic-naoyan\desktop\api\wavetime\wavetime\wave_timer\timer\main.cpp(229): warning C4244: '引数': 'double' から 'int' への変換です。データが失われる可能性があります。
c:\users\magic-naoyan\desktop\api\wavetime\wavetime\wave_timer\timer\main.cpp(230): warning C4244: '引数': 'double' から 'int' への変換です。データが失われる可能性があります。
c:\users\magic-naoyan\desktop\api\wavetime\wavetime\wave_timer\timer\main.cpp(231): warning C4244: '引数': 'double' から 'int' への変換です。データが失われる可能性があります。
c:\users\magic-naoyan\desktop\api\wavetime\wavetime\wave_timer\timer\main.cpp(232): warning C4244: '引数': 'double' から 'int' への変換です。データが失われる可能性があります。
c:\users\magic-naoyan\desktop\api\wavetime\wavetime\wave_timer\timer\main.cpp(238): warning C4244: '引数': 'double' から 'int' への変換です。データが失われる可能性があります。
c:\users\magic-naoyan\desktop\api\wavetime\wavetime\wave_timer\timer\main.cpp(254): warning C4101: 'ps': ローカル変数は 1 度も使われていません。
c:\users\magic-naoyan\desktop\api\wavetime\wavetime\wave_timer\timer\main.cpp(301): warning C4244: '引数': 'double' から 'int' への変換です。データが失われる可能性があります。
c:\users\magic-naoyan\desktop\api\wavetime\wavetime\wave_timer\timer\main.cpp(302): warning C4244: '引数': 'double' から 'int' への変換です。データが失われる可能性があります。
c:\users\magic-naoyan\desktop\api\wavetime\wavetime\wave_timer\timer\main.cpp(303): warning C4244: '引数': 'double' から 'int' への変換です。データが失われる可能性があります。
c:\users\magic-naoyan\desktop\api\wavetime\wavetime\wave_timer\timer\main.cpp(304): warning C4244: '引数': 'double' から 'int' への変換です。データが失われる可能性があります。
c:\users\magic-naoyan\desktop\api\wavetime\wavetime\wave_timer\timer\main.cpp(309): warning C4244: '引数': 'double' から 'int' への変換です。データが失われる可能性があります。
  timer.vcxproj -> C:\Users\magic-naoyan\Desktop\API\wavetime\wavetime\wave_timer\Debug\timer.exe
  timer.vcxproj -> C:\Users\magic-naoyan\Desktop\API\wavetime\wavetime\wave_timer\Debug\timer.pdb (Full PDB)
