C:\Program Files (x86)\MSBuild\Microsoft.Cpp\v4.0\V140\Microsoft.CppBuild.targets(392,5): warning MSB8028: The intermediate directory (Release\) contains files shared from another project (timer.vcxproj).  This can lead to incorrect clean and rebuild behavior.
  main.cpp
main.cpp(150): warning C4244: '初期化中': 'double' から 'int' への変換です。データが失われる可能性があります。
main.cpp(187): warning C4244: '=': 'double' から 'int' への変換です。データが失われる可能性があります。
main.cpp(188): warning C4244: '=': 'double' から 'int' への変換です。データが失われる可能性があります。
main.cpp(189): warning C4244: '=': 'double' から 'int' への変換です。データが失われる可能性があります。
main.cpp(190): warning C4244: '=': 'double' から 'int' への変換です。データが失われる可能性があります。
main.cpp(194): warning C4244: '引数': 'double' から 'int' への変換です。データが失われる可能性があります。
main.cpp(195): warning C4244: '引数': 'double' から 'int' への変換です。データが失われる可能性があります。
main.cpp(196): warning C4244: '引数': 'double' から 'int' への変換です。データが失われる可能性があります。
main.cpp(197): warning C4244: '引数': 'double' から 'int' への変換です。データが失われる可能性があります。
main.cpp(211): warning C4244: '=': 'double' から 'int' への変換です。データが失われる可能性があります。
main.cpp(212): warning C4244: '=': 'double' から 'int' への変換です。データが失われる可能性があります。
main.cpp(213): warning C4244: '=': 'double' から 'int' への変換です。データが失われる可能性があります。
main.cpp(214): warning C4244: '=': 'double' から 'int' への変換です。データが失われる可能性があります。
main.cpp(235): warning C4244: '=': 'double' から 'int' への変換です。データが失われる可能性があります。
main.cpp(236): warning C4244: '=': 'double' から 'int' への変換です。データが失われる可能性があります。
main.cpp(237): warning C4244: '=': 'double' から 'int' への変換です。データが失われる可能性があります。
main.cpp(238): warning C4244: '=': 'double' から 'int' への変換です。データが失われる可能性があります。
main.cpp(161): warning C4996: 'fopen': This function or variable may be unsafe. Consider using fopen_s instead. To disable deprecation, use _CRT_SECURE_NO_WARNINGS. See online help for details.
  C:\Program Files (x86)\Windows Kits\10\Include\10.0.10240.0\ucrt\stdio.h(205): note: 'fopen' の宣言を確認してください
main.cpp(177): warning C4996: 'fscanf': This function or variable may be unsafe. Consider using fscanf_s instead. To disable deprecation, use _CRT_SECURE_NO_WARNINGS. See online help for details.
  C:\Program Files (x86)\Windows Kits\10\Include\10.0.10240.0\ucrt\stdio.h(1193): note: 'fscanf' の宣言を確認してください
main.cpp(121): warning C4101: 'hFont': ローカル変数は 1 度も使われていません。
main.cpp(280): warning C4244: '引数': 'double' から 'int' への変換です。データが失われる可能性があります。
main.cpp(281): warning C4244: '引数': 'double' から 'int' への変換です。データが失われる可能性があります。
main.cpp(282): warning C4244: '引数': 'double' から 'int' への変換です。データが失われる可能性があります。
main.cpp(283): warning C4244: '引数': 'double' から 'int' への変換です。データが失われる可能性があります。
main.cpp(289): warning C4244: '引数': 'double' から 'int' への変換です。データが失われる可能性があります。
main.cpp(305): warning C4101: 'ps': ローカル変数は 1 度も使われていません。
main.cpp(359): warning C4244: '引数': 'double' から 'int' への変換です。データが失われる可能性があります。
main.cpp(360): warning C4244: '引数': 'double' から 'int' への変換です。データが失われる可能性があります。
main.cpp(361): warning C4244: '引数': 'double' から 'int' への変換です。データが失われる可能性があります。
main.cpp(362): warning C4244: '引数': 'double' から 'int' への変換です。データが失われる可能性があります。
main.cpp(367): warning C4244: '引数': 'double' から 'int' への変換です。データが失われる可能性があります。
  コード生成しています。
  All 11 functions were compiled because no usable IPDB/IOBJ from previous compilation was found.
  コード生成が終了しました。
  timer.vcxproj -> C:\Users\magic-naoyan\Desktop\wave_timer - コピー\Release\EMGwave.exe
  timer.vcxproj -> C:\Users\magic-naoyan\Desktop\wave_timer - コピー\Release\EMGwave.pdb (Full PDB)
